<?xml version="1.0" encoding="UTF-8"?>
<testsuite name="VendingMachineTests" tests="1" skipped="0" failures="0" errors="0" timestamp="2021-01-22T20:37:08" hostname="DESKTOP-JSBVD3G" time="0.005">
  <properties/>
  <testcase name="checkAmountInserted" classname="VendingMachineTests" time="0.005"/>
  <system-out><![CDATA[]]></system-out>
  <system-err><![CDATA[]]></system-err>
</testsuite>
